<?xml version="1.0" encoding="UTF-8"?>
<!-- Generated by org.testng.reporters.JUnitXMLReporter -->
<testsuite ignored="0" hostname="TYSS-Nandini" failures="1" tests="6" name="Default test(failed)" time="0.042" errors="0" timestamp="12 Jul 2024 06:51:06 GMT">
  <testcase classname="practice.SimActivation" name="activatesim" time="0.012">
    <skipped/>
  </testcase> <!-- activatesim -->
  <testcase classname="practice.SimActivation" name="activatesim" time="0.002">
    <skipped/>
  </testcase> <!-- activatesim -->
  <testcase classname="practice.SimActivation" name="activatesim" time="0.001">
    <skipped/>
  </testcase> <!-- activatesim -->
  <testcase classname="practice.SimActivation" name="activatesim" time="0.0">
    <skipped/>
  </testcase> <!-- activatesim -->
  <testcase classname="practice.SimActivation" name="activatesim" time="0.001">
    <skipped/>
  </testcase> <!-- activatesim -->
  <testcase classname="practice.SimActivation" name="activatesim" time="0.001">
    <failure type="junit.framework.ComparisonFailure" message="expected:&amp;lt;[ ]&amp;gt; but was:&amp;lt;[Login]&amp;gt;">
      <![CDATA[junit.framework.ComparisonFailure: expected:<[ ]> but was:<[Login]>
at junit.framework.Assert.assertEquals(Assert.java:85)
at junit.framework.Assert.assertEquals(Assert.java:91)
at practice.SimActivation.activatesim(SimActivation.java:12)
... Removed 23 stack frames]]>
    </failure>
  </testcase> <!-- activatesim -->
</testsuite> <!-- Default test(failed) -->
