<?xml version="1.0" encoding="UTF-8"?>
<!-- Generated by org.testng.reporters.JUnitXMLReporter -->
<testsuite ignored="2" hostname="TYSS-Nandini" failures="0" tests="1" name="Default test" time="259.885" errors="0" timestamp="12 Jul 2024 10:07:23 GMT">
  <testcase classname="orgTest.CreateOrgTest" name="CreateOrgTest1" time="6.238"/>
  <testcase classname="orgTest.CreateOrgTest" name="createOrgWithPhoneNumber" time="0.0">
    <ignored/>
  </testcase> <!-- createOrgWithPhoneNumber -->
  <testcase classname="orgTest.CreateOrgTest" name="CreateOrgWithIndustryAndType" time="0.0">
    <ignored/>
  </testcase> <!-- CreateOrgWithIndustryAndType -->
</testsuite> <!-- Default test -->
