<?xml version="1.0" encoding="UTF-8"?>
<!-- Generated by org.testng.reporters.JUnitXMLReporter -->
<testsuite ignored="2" hostname="TYSS-Nandini" failures="0" tests="1" name="Test" time="11.339" errors="0" timestamp="12 Jul 2024 09:30:54 GMT">
  <testcase classname="orgTest.CreateOrgTest" name="CreateOrgTest1" time="6.129"/>
  <testcase classname="orgTest.CreateOrgTest" name="createOrgWithPhoneNumber" time="0.0">
    <ignored/>
  </testcase> <!-- createOrgWithPhoneNumber -->
  <testcase classname="orgTest.CreateOrgTest" name="CreateOrgWithIndustryAndType" time="0.0">
    <ignored/>
  </testcase> <!-- CreateOrgWithIndustryAndType -->
</testsuite> <!-- Test -->
