<?xml version="1.0" encoding="UTF-8"?>
<!-- Generated by org.testng.reporters.JUnitXMLReporter -->
<testsuite ignored="0" hostname="TYSS-Nandini" failures="0" tests="3" name="Test2" time="43.374" errors="0" timestamp="12 Jul 2024 09:45:47 GMT">
  <testcase classname="contactTest.CreateContactTest" name="CreateContactTest1" time="7.707"/>
  <testcase classname="contactTest.CreateContactTest" name="CreateContactWithOrgName" time="16.004"/>
  <testcase classname="contactTest.CreateContactTest" name="CreateContactWithSupportDate" time="6.836"/>
</testsuite> <!-- Test2 -->
