<?xml version="1.0" encoding="UTF-8"?>
<!-- Generated by org.testng.reporters.JUnitXMLReporter -->
<testsuite ignored="0" hostname="TYSS-Nandini" failures="0" tests="3" name="Test1" time="38.271" errors="0" timestamp="12 Jul 2024 09:45:42 GMT">
  <testcase classname="orgTest.CreateOrgTest" name="CreateOrgTest1" time="8.142"/>
  <testcase classname="orgTest.CreateOrgTest" name="CreateOrgWithIndustryAndType" time="7.714"/>
  <testcase classname="orgTest.CreateOrgTest" name="createOrgWithPhoneNumber" time="8.198"/>
</testsuite> <!-- Test1 -->
