<?xml version="1.0" encoding="UTF-8"?>
<testng-results ignored="2" total="3" passed="1" failed="0" skipped="0">
  <reporter-output>
  </reporter-output>
  <suite started-at="2024-07-12T10:03:03Z" name="Default suite" finished-at="2024-07-12T10:07:23Z" duration-ms="259885">
    <groups>
      <group name="smoke test">
        <method signature="CreateOrgTest.CreateOrgTest1()[pri:0, instance:orgTest.CreateOrgTest@30af5b6b]" name="CreateOrgTest1" class="orgTest.CreateOrgTest"/>
      </group> <!-- smoke test -->
    </groups>
    <test started-at="2024-07-12T10:03:03Z" name="Default test" finished-at="2024-07-12T10:07:23Z" duration-ms="259885">
      <class name="orgTest.CreateOrgTest">
        <test-method is-config="true" signature="configBS()[pri:0, instance:orgTest.CreateOrgTest@30af5b6b]" started-at="2024-07-12T10:03:03Z" name="configBS" finished-at="2024-07-12T10:03:03Z" duration-ms="235" status="PASS">
          <reporter-output>
          </reporter-output>
        </test-method> <!-- configBS -->
        <test-method is-config="true" signature="configBT()[pri:0, instance:orgTest.CreateOrgTest@30af5b6b]" started-at="2024-07-12T10:03:03Z" name="configBT" finished-at="2024-07-12T10:03:03Z" duration-ms="1" status="PASS">
          <reporter-output>
          </reporter-output>
        </test-method> <!-- configBT -->
        <test-method is-config="true" signature="configBC()[pri:0, instance:orgTest.CreateOrgTest@30af5b6b]" started-at="2024-07-12T10:03:03Z" name="configBC" finished-at="2024-07-12T10:07:13Z" duration-ms="250045" status="PASS">
          <reporter-output>
          </reporter-output>
        </test-method> <!-- configBC -->
        <test-method is-config="true" signature="configBM()[pri:0, instance:orgTest.CreateOrgTest@30af5b6b]" started-at="2024-07-12T10:07:13Z" name="configBM" finished-at="2024-07-12T10:07:15Z" duration-ms="2388" status="PASS">
          <reporter-output>
          </reporter-output>
        </test-method> <!-- configBM -->
        <test-method signature="CreateOrgTest1()[pri:0, instance:orgTest.CreateOrgTest@30af5b6b]" started-at="2024-07-12T10:07:15Z" name="CreateOrgTest1" finished-at="2024-07-12T10:07:22Z" duration-ms="6238" status="PASS">
          <reporter-output>
          </reporter-output>
        </test-method> <!-- CreateOrgTest1 -->
        <test-method is-config="true" signature="configAM()[pri:0, instance:orgTest.CreateOrgTest@30af5b6b]" started-at="2024-07-12T10:07:22Z" name="configAM" finished-at="2024-07-12T10:07:23Z" duration-ms="1058" status="PASS">
          <reporter-output>
          </reporter-output>
        </test-method> <!-- configAM -->
        <test-method is-config="true" signature="configAC()[pri:0, instance:orgTest.CreateOrgTest@30af5b6b]" started-at="2024-07-12T10:07:23Z" name="configAC" finished-at="2024-07-12T10:07:23Z" duration-ms="142" status="PASS">
          <reporter-output>
          </reporter-output>
        </test-method> <!-- configAC -->
        <test-method is-config="true" signature="configAT()[pri:0, instance:orgTest.CreateOrgTest@30af5b6b]" started-at="2024-07-12T10:07:23Z" name="configAT" finished-at="2024-07-12T10:07:23Z" duration-ms="0" status="PASS">
          <reporter-output>
          </reporter-output>
        </test-method> <!-- configAT -->
        <test-method is-config="true" signature="configAS()[pri:0, instance:orgTest.CreateOrgTest@30af5b6b]" started-at="2024-07-12T10:07:23Z" name="configAS" finished-at="2024-07-12T10:07:48Z" duration-ms="25119" status="FAIL">
          <exception class="java.lang.NullPointerException">
            <message>
              <![CDATA[Cannot invoke "java.sql.Connection.close()" because "this.conn" is null]]>
            </message>
            <full-stacktrace>
              <![CDATA[java.lang.NullPointerException: Cannot invoke "java.sql.Connection.close()" because "this.conn" is null
at com.comcast.crm.generic.DatabaseUtility.DataBaseUtility.closeDBConnection(DataBaseUtility.java:37)
at com.crmcast.crm.generic.BaseUtility.BaseClass.configAS(BaseClass.java:104)
at java.base/jdk.internal.reflect.DirectMethodHandleAccessor.invoke(DirectMethodHandleAccessor.java:103)
at java.base/java.lang.reflect.Method.invoke(Method.java:580)
at org.testng.internal.MethodInvocationHelper.invokeMethod(MethodInvocationHelper.java:124)
at org.testng.internal.MethodInvocationHelper.invokeMethodConsideringTimeout(MethodInvocationHelper.java:59)
at org.testng.internal.Invoker.invokeConfigurationMethod(Invoker.java:458)
at org.testng.internal.Invoker.invokeConfigurations(Invoker.java:222)
at org.testng.internal.Invoker.invokeConfigurations(Invoker.java:142)
at org.testng.SuiteRunner.privateRun(SuiteRunner.java:425)
at org.testng.SuiteRunner.run(SuiteRunner.java:364)
at org.testng.SuiteRunnerWorker.runSuite(SuiteRunnerWorker.java:52)
at org.testng.SuiteRunnerWorker.run(SuiteRunnerWorker.java:84)
at org.testng.TestNG.runSuitesSequentially(TestNG.java:1208)
at org.testng.TestNG.runSuitesLocally(TestNG.java:1137)
at org.testng.TestNG.runSuites(TestNG.java:1049)
at org.testng.TestNG.run(TestNG.java:1017)
at org.testng.remote.AbstractRemoteTestNG.run(AbstractRemoteTestNG.java:115)
at org.testng.remote.RemoteTestNG.initAndRun(RemoteTestNG.java:293)
at org.testng.remote.RemoteTestNG.main(RemoteTestNG.java:91)
]]>
            </full-stacktrace>
          </exception> <!-- java.lang.NullPointerException -->
          <reporter-output>
          </reporter-output>
        </test-method> <!-- configAS -->
      </class> <!-- orgTest.CreateOrgTest -->
    </test> <!-- Default test -->
  </suite> <!-- Default suite -->
</testng-results>
